<?xml version="1.0" encoding="UTF-8"?>
<!-- Generated by org.testng.reporters.JUnitReportReporter -->
<testsuite skipped="0" hostname="DESKTOP-5BTUEF9" name="com.saucedemo.saucetest.SauceDemo_Test" tests="1" failures="0" timestamp="24 Jan 2019 04:41:37 GMT" time="4.793" errors="0">
  <testcase name="saucedemoTesting" time="4.793" classname="com.saucedemo.saucetest.SauceDemo_Test"/>
</testsuite> <!-- com.saucedemo.saucetest.SauceDemo_Test -->
