<?xml version="1.0" encoding="UTF-8"?>
<!-- Generated by org.testng.reporters.JUnitReportReporter -->
<testsuite skipped="0" hostname="PCMTG-LM22972"
	name="com.saucedemo.saucetest.login_Test" tests="2" failures="0"
	timestamp="23 Jan 2019 07:29:23 GMT" time="10.022" errors="0">
	<testcase name="saucedemoTestig" time="5.269"
		classname="com.saucedemo.saucetest.login_Test" />
	<testcase name="saucedemoTestig" time="4.753"
		classname="com.saucedemo.saucetest.login_Test" />
</testsuite> <!-- com.saucedemo.saucetest.login_Test -->
