<?xml version="1.0" encoding="UTF-8"?>
<!-- Generated by org.testng.reporters.JUnitReportReporter -->
<testsuite skipped="0" hostname="PCMTG-LM22972"
	name="com.saucedemo.saucetest.SauceDemo_Test" tests="1" failures="0"
	timestamp="23 Jan 2019 08:10:05 GMT" time="3.820" errors="0">
	<testcase name="saucedemoTesting" time="3.820"
		classname="com.saucedemo.saucetest.SauceDemo_Test" />
</testsuite> <!-- com.saucedemo.saucetest.SauceDemo_Test -->
